<?xml version="1.0" encoding="UTF-8"?>
<!-- Generated by org.testng.reporters.JUnitReportReporter -->
<testsuite skipped="0" hostname="Stormy-PC" name="test.DownloadTest" tests="1" failures="0" timestamp="2019-12-13T13:07:39 ICT" time="13.307" errors="0">
  <testcase name="downloadTest" time="13.307" classname="test.DownloadTest"/>
</testsuite> <!-- test.DownloadTest -->
