<?xml version="1.0" encoding="UTF-8"?>
<!-- Generated by org.testng.reporters.JUnitReportReporter -->
<testsuite skipped="0" hostname="Stormy-PC" name="test.LoginTest" tests="1" failures="0" timestamp="2019-11-29T19:30:45 ICT" time="6.448" errors="0">
  <testcase name="login" time="6.448" classname="test.LoginTest"/>
</testsuite> <!-- test.LoginTest -->
