<?xml version="1.0" encoding="UTF-8"?>
<!-- Generated by org.testng.reporters.JUnitReportReporter -->
<testsuite skipped="0" hostname="Stormy-PC" name="test.LoginTest" tests="1" failures="0" timestamp="2019-11-29T21:18:54 ICT" time="20.799" errors="0">
  <testcase name="failedLogin" time="20.799" classname="test.LoginTest"/>
</testsuite> <!-- test.LoginTest -->
