<?xml version="1.0" encoding="UTF-8"?>
<!-- Generated by org.testng.reporters.JUnitReportReporter -->
<testsuite skipped="0" hostname="Stormy-PC" name="test.DownloadTest" tests="1" failures="0" timestamp="2019-11-29T16:16:52 ICT" time="23.032" errors="0">
  <testcase name="downloadTest" time="23.032" classname="test.DownloadTest"/>
</testsuite> <!-- test.DownloadTest -->
