<?xml version="1.0" encoding="UTF-8"?>
<!-- Generated by org.testng.reporters.JUnitReportReporter -->
<testsuite skipped="0" hostname="Stormy-PC" name="Package.DownloadTest" tests="1" failures="0" timestamp="2019-11-28T14:17:24 ICT" time="24.475" errors="0">
  <testcase name="downloadTest" time="24.475" classname="Package.DownloadTest"/>
</testsuite> <!-- Package.DownloadTest -->
