<?xml version="1.0" encoding="UTF-8"?>
<!-- Generated by org.testng.reporters.JUnitReportReporter -->
<testsuite skipped="0" hostname="Stormy-PC" name="test.UploadTest" tests="1" failures="0" timestamp="2019-12-27T15:15:12 ICT" time="7.228" errors="0">
  <testcase name="uploading" time="7.228" classname="test.UploadTest"/>
</testsuite> <!-- test.UploadTest -->
