<?xml version="1.0" encoding="UTF-8"?>
<!-- Generated by org.testng.reporters.JUnitReportReporter -->
<testsuite skipped="0" hostname="Stormy-PC" name="test.DownloadTest" tests="1" failures="0" timestamp="2019-12-12T13:56:47 ICT" time="18.671" errors="0">
  <testcase name="downloadTest" time="18.671" classname="test.DownloadTest"/>
</testsuite> <!-- test.DownloadTest -->
