<?xml version="1.0" encoding="UTF-8"?>
<!-- Generated by org.testng.reporters.JUnitReportReporter -->
<testsuite skipped="0" hostname="Stormy-PC" name="test.LoginTest" tests="3" failures="0" timestamp="2019-12-09T15:28:25 ICT" time="103.698" errors="0">
  <testcase name="guestLogin" time="3.721" classname="test.LoginTest"/>
  <testcase name="login" time="6.135" classname="test.LoginTest"/>
  <testcase name="failedLogin" time="93.842" classname="test.LoginTest"/>
</testsuite> <!-- test.LoginTest -->
