<?xml version="1.0" encoding="UTF-8"?>
<!-- Generated by org.testng.reporters.JUnitReportReporter -->
<testsuite skipped="0" hostname="Stormy-PC" name="Package.HocTrucTuyenTest" tests="4" failures="0" timestamp="2019-11-20T18:59:26 ICT" time="7.931" errors="0">
  <testcase name="guestLogin" time="2.742" classname="Package.HocTrucTuyenTest"/>
  <testcase name="login" time="2.766" classname="Package.HocTrucTuyenTest"/>
  <testcase name="invalidUser" time="1.543" classname="Package.HocTrucTuyenTest"/>
  <testcase name="invalidPassword" time="0.880" classname="Package.HocTrucTuyenTest"/>
</testsuite> <!-- Package.HocTrucTuyenTest -->
