<?xml version="1.0" encoding="UTF-8"?>
<!-- Generated by org.testng.reporters.JUnitReportReporter -->
<testsuite skipped="0" hostname="Stormy-PC" name="test.LoginTest" tests="3" failures="0" timestamp="2019-12-27T15:10:47 ICT" time="39.458" errors="0">
  <testcase name="guestLogin" time="2.704" classname="test.LoginTest"/>
  <testcase name="login" time="3.955" classname="test.LoginTest"/>
  <testcase name="failedLogin" time="32.799" classname="test.LoginTest"/>
</testsuite> <!-- test.LoginTest -->
