<?xml version="1.0" encoding="UTF-8"?>
<!-- Generated by org.testng.reporters.JUnitReportReporter -->
<testsuite skipped="0" hostname="Stormy-PC" name="Package.UploadTest" tests="1" failures="0" timestamp="2019-11-21T16:09:57 ICT" time="5.331" errors="0">
  <testcase name="uploading" time="5.331" classname="Package.UploadTest"/>
</testsuite> <!-- Package.UploadTest -->
