<?xml version="1.0" encoding="UTF-8"?>
<!-- Generated by org.testng.reporters.JUnitReportReporter -->
<testsuite skipped="0" hostname="Stormy-PC" name="hocTrucTuyen.HocTrucTuyenTest" tests="1" failures="0" timestamp="2019-11-08T20:00:09 ICT" time="2.131" errors="0">
  <testcase name="invalidLogin" time="2.131" classname="hocTrucTuyen.HocTrucTuyenTest"/>
</testsuite> <!-- hocTrucTuyen.HocTrucTuyenTest -->
