<?xml version="1.0" encoding="UTF-8"?>
<!-- Generated by org.testng.reporters.JUnitReportReporter -->
<testsuite skipped="0" hostname="Stormy-PC" name="test.UploadTest" tests="1" failures="0" timestamp="2019-12-09T15:26:01 ICT" time="9.953" errors="0">
  <testcase name="uploading" time="9.953" classname="test.UploadTest"/>
</testsuite> <!-- test.UploadTest -->
