<?xml version="1.0" encoding="UTF-8"?>
<!-- Generated by org.testng.reporters.JUnitReportReporter -->
<testsuite skipped="0" hostname="Stormy-PC" name="Package.LoginTest" tests="8" failures="0" timestamp="2019-11-23T13:42:17 ICT" time="29.469" errors="0">
  <testcase name="invalidUser" time="3.805" classname="Package.LoginTest"/>
  <testcase name="invalidPassword" time="3.558" classname="Package.LoginTest"/>
  <testcase name="invalidLogin" time="2.833" classname="Package.LoginTest"/>
  <testcase name="emptyPassword" time="3.531" classname="Package.LoginTest"/>
  <testcase name="emptyUsername" time="2.813" classname="Package.LoginTest"/>
  <testcase name="emptyLogin" time="2.846" classname="Package.LoginTest"/>
  <testcase name="guestLogin" time="6.515" classname="Package.LoginTest"/>
  <testcase name="login" time="3.568" classname="Package.LoginTest"/>
</testsuite> <!-- Package.LoginTest -->
