<?xml version="1.0" encoding="UTF-8"?>
<!-- Generated by org.testng.reporters.JUnitReportReporter -->
<testsuite skipped="0" hostname="Stormy-PC" name="test.DownloadTest" tests="1" failures="0" timestamp="2019-12-14T07:17:47 ICT" time="15.848" errors="0">
  <testcase name="downloadTest" time="15.848" classname="test.DownloadTest"/>
</testsuite> <!-- test.DownloadTest -->
