<?xml version="1.0" encoding="UTF-8"?>
<!-- Generated by org.testng.reporters.JUnitReportReporter -->
<testsuite skipped="0" hostname="Stormy-PC" name="test.LoginTest" tests="3" failures="0" timestamp="2019-12-12T11:03:02 ICT" time="32.340" errors="0">
  <testcase name="guestLogin" time="4.562" classname="test.LoginTest"/>
  <testcase name="login" time="4.544" classname="test.LoginTest"/>
  <testcase name="failedLogin" time="23.234" classname="test.LoginTest"/>
</testsuite> <!-- test.LoginTest -->
