<?xml version="1.0" encoding="UTF-8"?>
<!-- Generated by org.testng.reporters.JUnitReportReporter -->
<testsuite skipped="0" hostname="Stormy-PC" name="test.LoginTest" tests="1" failures="0" timestamp="2019-11-30T08:53:43 ICT" time="34.694" errors="0">
  <testcase name="failedLogin" time="34.694" classname="test.LoginTest"/>
</testsuite> <!-- test.LoginTest -->
