<?xml version="1.0" encoding="UTF-8"?>
<!-- Generated by org.testng.reporters.JUnitReportReporter -->
<testsuite skipped="0" hostname="Stormy-PC" name="test.UploadTest" tests="1" failures="0" timestamp="2019-12-08T11:51:40 ICT" time="16.363" errors="0">
  <testcase name="uploading" time="16.363" classname="test.UploadTest"/>
</testsuite> <!-- test.UploadTest -->
