<?xml version="1.0" encoding="UTF-8"?>
<!-- Generated by org.testng.reporters.JUnitReportReporter -->
<testsuite skipped="0" hostname="Stormy-PC" name="Package.LoginTest" tests="4" failures="0" timestamp="2019-11-21T15:29:11 ICT" time="8.271" errors="0">
  <testcase name="guestLogin" time="2.701" classname="Package.LoginTest"/>
  <testcase name="login" time="3.192" classname="Package.LoginTest"/>
  <testcase name="invalidUser" time="1.480" classname="Package.LoginTest"/>
  <testcase name="invalidPassword" time="0.898" classname="Package.LoginTest"/>
</testsuite> <!-- Package.LoginTest -->
